<?xml version="1.1" encoding="UTF-8"?>
<testsuite name="com.neova.tests.LoginTest" tests="1" failures="0" errors="0" timestamp="2014-03-20T08:55:23" hostname="neoD-ypatil" time="0.001">
  <properties/>
  <testcase name="testLoginAsAdmin" classname="com.neova.tests.LoginTest" time="0.001"/>
  <system-out><![CDATA[]]></system-out>
  <system-err><![CDATA[]]></system-err>
</testsuite>
